Python Socket Server ver. 0.0.1. By Igor Stepanov (PI18-2)
Занял порт 9100
Начал слушать порт 9100
Ожидаю подключений...
Получил данные клиентов из файла
Подключился 127.0.0.1
Хочу проверить его пароль...
Отправил имя
Подключился 127.0.0.1
Хочу проверить его пароль...
Отправил имя
Соединение с клиентом закрыто
Python Socket Server ver. 0.0.1. By Igor Stepanov (PI18-2)
Занял порт 9100
Начал слушать порт 9100
Ожидаю подключений...
Получил данные клиентов из файла
Подключился 127.0.0.1
Хочу проверить его пароль...
Отправил имя
Подключился 127.0.0.1
Хочу проверить его пароль...
Отправил имя
Python Socket Server ver. 0.0.1. By Igor Stepanov (PI18-2)
Занял порт 9100
Начал слушать порт 9100
Ожидаю подключений...
Получил данные клиентов из файла
Подключился 127.0.0.1
Хочу проверить его пароль...
Отправил имя
Подключился 127.0.0.1
Хочу проверить его пароль...
Отправил имя
Python Socket Server ver. 0.0.1. By Igor Stepanov (PI18-2)
Занял порт 9100
Начал слушать порт 9100
Ожидаю подключений...
Получил данные клиентов из файла
Подключился 127.0.0.1
Хочу проверить его пароль...
Отправил имя
Подключился 127.0.0.1
Хочу проверить его пароль...
Отправил имя
Python Socket Server ver. 0.0.1. By Igor Stepanov (PI18-2)
Занял порт 9100
Начал слушать порт 9100
Ожидаю подключений...
Получил данные клиентов из файла
Подключился 127.0.0.1
Хочу проверить его пароль...
Отправил имя
Подключился 127.0.0.1
Хочу проверить его пароль...
Отправил имя
Подключился 127.0.0.1
Хочу проверить его пароль...
Неправильный пароль от клиента. Сбросил соединение с ним!
Соединение с клиентом закрыто
Python Socket Server ver. 0.0.1. By Igor Stepanov (PI18-2)
Занял порт 9100
Начал слушать порт 9100
Ожидаю подключений...
Получил данные клиентов из файла
Подключился 127.0.0.1
Хочу проверить его пароль...
Отправил имя
Подключился 127.0.0.1
Хочу проверить его пароль...
Отправил имя
Подключился 127.0.0.1
Хочу проверить его пароль...
Неправильный пароль от клиента. Сбросил соединение с ним!
Соединение с клиентом закрыто
Python Socket Server ver. 0.0.1. By Igor Stepanov (PI18-2)
Занял порт 9100
Начал слушать порт 9100
Ожидаю подключений...
Получил данные клиентов из файла
Подключился 127.0.0.1
Хочу проверить его пароль...
Отправил имя
Подключился 127.0.0.1
Хочу проверить его пароль...
Отправил имя
Подключился 127.0.0.1
Хочу проверить его пароль...
Неправильный пароль от клиента. Сбросил соединение с ним!
Соединение с клиентом закрыто
Отправил имя
Python Socket Server ver. 0.0.1. By Igor Stepanov (PI18-2)
Занял порт 9100
Начал слушать порт 9100
Ожидаю подключений...
Получил данные клиентов из файла
Подключился 127.0.0.1
Хочу проверить его пароль...
Отправил имя
Подключился 127.0.0.1
Хочу проверить его пароль...
Отправил имя
Отправил имя
