Запрашиваю адрес хоста...
Введите адрес хоста localhost: 
Запрашиваю данные о номере порта.. 
Номер порта: 9074 
 Слушаю ваш порт  9074 
Подключаюсь и вывожу адрес..('127.0.0.1', 57830) 
Принял сообшение b'hello' и жду следующее 
 Принял сообшение b'rt' и жду следующее 
 Принял сообшение b'good day' и жду следующее 
 Попращался с ('127.0.0.1', 57830) 
 
Запрашиваю адрес хоста...
Введите адрес хоста localhost: 
Запрашиваю данные о номере порта.. 
Номер порта: 9071 
 Запрашиваю адрес хоста...
Введите адрес хоста localhost: 
Запрашиваю данные о номере порта.. 
Номер порта: 9072 
 Запрашиваю адрес хоста...
Введите адрес хоста localhost: 
Запрашиваю данные о номере порта.. 
Номер порта: 9078 
 Запрашиваю адрес хоста...
Введите адрес хоста localhost: 
Запрашиваю данные о номере порта.. 
Номер порта: 2015 
 Запрашиваю адрес хоста...
Введите адрес хоста localhost: 
Запрашиваю данные о номере порта.. 
Номер порта: 2017 
 Запрашиваю адрес хоста...
Введите адрес хоста localhost: 
Запрашиваю данные о номере порта.. 
Номер порта: 9911 
 Запрашиваю адрес хоста...
Введите адрес хоста localhost: 
Запрашиваю данные о номере порта.. 
Номер порта: 9032 
 Слушаю ваш порт  9032 
Подключаюсь и вывожу адрес..('127.0.0.1', 53156) 
Принял сообшение b'hello' и жду следующее 
 Принял сообшение b'hi' и жду следующее 
 Принял сообшение b'have a nice day!' и жду следующее 
 Попращался с ('127.0.0.1', 53156) 
 Запрашиваю адрес хоста...
Введите адрес хоста localhost: 
Запрашиваю данные о номере порта.. 
Номер порта: 12031 
 Слушаю ваш порт  12031 
Подключаюсь и вывожу адрес..('127.0.0.1', 44150) 
Запрашиваю адрес хоста...
Введите адрес хоста localhost: 
Запрашиваю данные о номере порта.. 
Номер порта: 2078 
 Слушаю ваш порт  2078 
Подключаюсь и вывожу адрес..('127.0.0.1', 59946) 
Я добавил пользователяDaria
Принял сообшение b'hello' и жду следующее 
 Попращался с ('127.0.0.1', 59946) 
 